TN:
SF:src\App.jsx
FN:11,App
FN:15,(anonymous_1)
FN:25,(anonymous_2)
FN:30,(anonymous_3)
FNF:4
FNH:0
FNDA:0,App
FNDA:0,(anonymous_1)
FNDA:0,(anonymous_2)
FNDA:0,(anonymous_3)
DA:12,0
DA:13,0
DA:15,0
DA:16,0
DA:18,0
DA:19,0
DA:22,0
DA:25,0
DA:26,0
DA:27,0
DA:30,0
DA:31,0
DA:34,0
LF:13
LH:0
BRDA:18,0,0,0
BRDA:18,0,1,0
BRDA:42,1,0,0
BRDA:42,1,1,0
BRDA:43,2,0,0
BRDA:43,2,1,0
BRF:6
BRH:0
end_of_record
TN:
SF:src\main.jsx
FNF:0
FNH:0
DA:6,0
LF:1
LH:0
BRF:0
BRH:0
end_of_record
TN:
SF:src\components\Form\Form.jsx
FN:4,(anonymous_0)
FN:5,(anonymous_1)
FNF:2
FNH:0
FNDA:0,(anonymous_0)
FNDA:0,(anonymous_1)
DA:4,0
DA:5,0
DA:6,0
DA:7,0
DA:8,0
DA:10,0
DA:11,0
DA:12,0
DA:14,0
DA:18,0
LF:10
LH:0
BRDA:12,0,0,0
BRDA:12,0,1,0
BRDA:14,1,0,0
BRDA:14,1,1,0
BRF:4
BRH:0
end_of_record
TN:
SF:src\components\Form\index.js
FNF:0
FNH:0
LF:0
LH:0
BRF:0
BRH:0
end_of_record
TN:
SF:src\components\Input\Input.jsx
FN:6,(anonymous_0)
FNF:1
FNH:0
FNDA:0,(anonymous_0)
DA:6,0
DA:16,0
DA:18,0
LF:3
LH:0
BRDA:7,0,0,0
BRDA:20,1,0,0
BRDA:20,1,1,0
BRF:3
BRH:0
end_of_record
TN:
SF:src\components\Input\index.js
FNF:0
FNH:0
LF:0
LH:0
BRF:0
BRH:0
end_of_record
TN:
SF:src\components\Text\Text.jsx
FN:5,(anonymous_0)
FNF:1
FNH:1
FNDA:4,(anonymous_0)
DA:5,1
DA:6,4
LF:2
LH:2
BRF:0
BRH:0
end_of_record
TN:
SF:src\components\Text\index.js
FNF:0
FNH:0
LF:0
LH:0
BRF:0
BRH:0
end_of_record
TN:
SF:src\components\Title\Title.jsx
FN:5,(anonymous_0)
FNF:1
FNH:0
FNDA:0,(anonymous_0)
DA:5,0
DA:6,0
DA:8,0
LF:3
LH:0
BRDA:5,0,0,0
BRDA:5,1,0,0
BRF:2
BRH:0
end_of_record
TN:
SF:src\components\Title\index.js
FNF:0
FNH:0
LF:0
LH:0
BRF:0
BRH:0
end_of_record
TN:
SF:src\constants\validation.js
FNF:0
FNH:0
DA:1,0
LF:1
LH:0
BRF:0
BRH:0
end_of_record
TN:
SF:src\helpers\validatePassword.js
FN:3,validatePassword
FNF:1
FNH:0
FNDA:0,validatePassword
DA:4,0
DA:5,0
DA:11,0
DA:12,0
DA:18,0
DA:19,0
DA:25,0
DA:26,0
DA:32,0
LF:9
LH:0
BRDA:4,0,0,0
BRDA:4,0,1,0
BRDA:11,1,0,0
BRDA:11,1,1,0
BRDA:11,2,0,0
BRDA:11,2,1,0
BRDA:18,3,0,0
BRDA:18,3,1,0
BRDA:25,4,0,0
BRDA:25,4,1,0
BRF:10
BRH:0
end_of_record
TN:
SF:src\helpers\wait.js
FN:1,(anonymous_0)
FN:1,(anonymous_1)
FNF:2
FNH:0
FNDA:0,(anonymous_0)
FNDA:0,(anonymous_1)
DA:1,0
LF:1
LH:0
BRF:0
BRH:0
end_of_record
TN:
SF:src\hooks\use-create-user.js
FN:5,(anonymous_0)
FN:9,(anonymous_1)
FN:19,(anonymous_2)
FN:24,(anonymous_3)
FNF:4
FNH:0
FNDA:0,(anonymous_0)
FNDA:0,(anonymous_1)
FNDA:0,(anonymous_2)
FNDA:0,(anonymous_3)
DA:5,0
DA:6,0
DA:7,0
DA:9,0
DA:10,0
DA:12,0
DA:13,0
DA:16,0
DA:19,0
DA:20,0
DA:21,0
DA:24,0
DA:25,0
DA:28,0
LF:14
LH:0
BRDA:12,0,0,0
BRDA:12,0,1,0
BRF:2
BRH:0
end_of_record
